{
  "RSpec": {
    "coverage": {
      "/Users/punderwo/Sites/in_out/app/models/user.rb": [
        1,
        null,
        null,
        null,
        1,
        1,
        null,
        null,
        null,
        1,
        null,
        4,
        null,
        null,
        1,
        null,
        1,
        null,
        1,
        16,
        null,
        null,
        1,
        2,
        null,
        null,
        1,
        76,
        null,
        null,
        null
      ],
      "/Users/punderwo/Sites/in_out/app/controllers/application_controller.rb": [
        1,
        null,
        1,
        null,
        null
      ],
      "/Users/punderwo/Sites/in_out/app/helpers/application_helper.rb": [
        1,
        null,
        1,
        null,
        null,
        1,
        null,
        null,
        1,
        null,
        null,
        3,
        null,
        null,
        null
      ],
      "/Users/punderwo/Sites/in_out/app/helpers/teams_helper.rb": [
        1,
        null
      ],
      "/Users/punderwo/Sites/in_out/app/controllers/teams_controller.rb": [
        1,
        null,
        1,
        2,
        null,
        null,
        null,
        1,
        2,
        2,
        2,
        null,
        null,
        1,
        1,
        null,
        null,
        1,
        2,
        null,
        null,
        1,
        5,
        null,
        5,
        5,
        10,
        null,
        0,
        null,
        null,
        null,
        null,
        1,
        4,
        null,
        4,
        4,
        8,
        null,
        0,
        null,
        null,
        null,
        null,
        1,
        3,
        null,
        3,
        3,
        1,
        1,
        null,
        3,
        3,
        6,
        null,
        null,
        null,
        null
      ],
      "/Users/punderwo/Sites/in_out/app/models/team.rb": [
        1,
        1,
        1,
        null
      ],
      "/Users/punderwo/Sites/in_out/app/controllers/users_controller.rb": [
        1,
        1,
        null,
        1,
        3,
        null,
        null,
        1,
        0,
        0,
        0,
        null,
        null,
        null,
        1,
        2,
        null,
        null,
        1,
        2,
        2,
        null,
        null,
        1,
        1,
        1,
        1,
        null,
        null,
        1,
        2,
        2,
        2,
        2,
        null,
        null,
        1,
        2,
        2,
        2,
        2,
        2,
        null,
        null,
        1,
        null,
        1,
        5,
        2,
        2,
        null,
        null,
        null,
        null
      ]
    },
    "timestamp": 1405313014
  }
}
